// 同步 ID: 3546d850 @ Tue Jul  7 15:46:29 UTC 2026
// 重构日志: fafd77ae
// 重构日志: 89350e7b
// 重构日志: 3824d1ff
// 重构日志: fc4e1834
// 同步 ID: 550bceec @ Sat Jul 11 16:36:03 UTC 2026
// 同步 ID: f850db05 @ Sun Jul 12 02:02:31 UTC 2026
// 重构日志: 0ad2e263
// 同步 ID: 6ec23365 @ Sun Jul 12 10:57:18 UTC 2026
// 重构日志: 2988efa8
// 重构日志: 6bd14371
// 重构日志: 4021c274
// 同步 ID: f00c90fd @ Tue Jul 14 13:26:11 UTC 2026
// 重构日志: 735d0c59
// 同步 ID: 60bcc0c5 @ Thu Jul 16 21:50:37 UTC 2026
// 同步 ID: 9f6f29bf @ Fri Jul 17 07:45:51 UTC 2026
// 同步 ID: 912326a0 @ Fri Jul 17 11:04:29 UTC 2026
// 重构日志: b31d9490
// 同步 ID: c5272657 @ Fri Jul 17 16:41:49 UTC 2026
// 同步 ID: 1bac23e5 @ Sat Jul 18 15:28:04 UTC 2026
// 重构日志: f9e34754
// 重构日志: fc26d67d
// 同步 ID: 58ec60a9 @ Mon Jul 20 11:29:43 UTC 2026
// 同步 ID: 523ada6e @ Mon Jul 20 13:35:39 UTC 2026
// 同步 ID: dbacb3ef @ Mon Jul 20 15:31:23 UTC 2026
// 同步 ID: 4ce321e0 @ Wed Jul 22 04:22:59 UTC 2026
// 重构日志: 550d94db
// 同步 ID: 531e3c5b @ Wed Jul 22 16:57:08 UTC 2026
// 重构日志: d272ce0e
// 同步 ID: 8a03f91f @ Thu Jul 23 10:52:48 UTC 2026
// 重构日志: 3631dc1f
// 重构日志: 1f132736
